<?xml version="1.0" encoding="UTF-8"?>
<!-- Generated by org.testng.reporters.JUnitReportReporter -->
<testsuite hostname="DESKTOP-LARUOSJ" failures="1" tests="17" name="OTP.signupOtpVerify" time="2.278" errors="0" timestamp="2025-04-25T10:27:57 NPT" skipped="16">
  <testcase classname="OTP.signupOtpVerify" name="VerifySignUpwithInvalidOtp" time="0.000">
    <skipped/>
  </testcase> <!-- VerifySignUpwithInvalidOtp -->
  <system-out/>
  <testcase classname="OTP.signupOtpVerify" name="VerifySignUpOtpwithoutpin" time="0.000">
    <skipped/>
  </testcase> <!-- VerifySignUpOtpwithoutpin -->
  <system-out/>
  <testcase classname="OTP.signupOtpVerify" name="VerifySignUpwithouttoken" time="0.000">
    <skipped/>
  </testcase> <!-- VerifySignUpwithouttoken -->
  <system-out/>
  <testcase classname="OTP.signupOtpVerify" name="VerifySignUpwithInvalidToken" time="0.000">
    <skipped/>
  </testcase> <!-- VerifySignUpwithInvalidToken -->
  <system-out/>
  <testcase classname="OTP.signupOtpVerify" name="verifySignUpOtpwithoutLocation" time="0.000">
    <skipped/>
  </testcase> <!-- verifySignUpOtpwithoutLocation -->
  <system-out/>
  <testcase classname="OTP.signupOtpVerify" name="VerifySignUpwithWrongSignature" time="0.000">
    <skipped/>
  </testcase> <!-- VerifySignUpwithWrongSignature -->
  <system-out/>
  <testcase classname="OTP.signupOtpVerify" name="VerifySignupwithInvalidTimestamp" time="0.000">
    <skipped/>
  </testcase> <!-- VerifySignupwithInvalidTimestamp -->
  <system-out/>
  <testcase classname="OTP.signupOtpVerify" name="VerifyOtpwithValidCredentials" time="0.000">
    <skipped/>
  </testcase> <!-- VerifyOtpwithValidCredentials -->
  <system-out/>
  <testcase classname="OTP.signupOtpVerify" name="VerifySignUpwithInvalidPin" time="0.000">
    <skipped/>
  </testcase> <!-- VerifySignUpwithInvalidPin -->
  <system-out/>
  <testcase classname="OTP.signupOtpVerify" name="VerifySignUpOtpwithoutTimestamp" time="0.000">
    <skipped/>
  </testcase> <!-- VerifySignUpOtpwithoutTimestamp -->
  <system-out/>
  <testcase classname="OTP.signupOtpVerify" name="VerifySignUpwithoutSignature" time="0.000">
    <skipped/>
  </testcase> <!-- VerifySignUpwithoutSignature -->
  <system-out/>
  <testcase classname="OTP.signupOtpVerify" name="verifySignUpOtpwithoutDeviceId" time="0.000">
    <skipped/>
  </testcase> <!-- verifySignUpOtpwithoutDeviceId -->
  <system-out/>
  <testcase classname="OTP.signupOtpVerify" name="verifySignUpwithoutUserAgent" time="0.000">
    <skipped/>
  </testcase> <!-- verifySignUpwithoutUserAgent -->
  <system-out/>
  <testcase classname="OTP.signupOtpVerify" name="VerifySignUpwithInvalidEmail" time="0.000">
    <skipped/>
  </testcase> <!-- VerifySignUpwithInvalidEmail -->
  <system-out/>
  <testcase classname="OTP.signupOtpVerify" name="VerifySignUpOtpwithoutOtp" time="0.000">
    <skipped/>
  </testcase> <!-- VerifySignUpOtpwithoutOtp -->
  <system-out/>
  <testcase classname="OTP.signupOtpVerify" name="getSecretKeyAndSignup" time="2.278">
    <failure message="1 expectation failed.
Expected status code &lt;200&gt; but was &lt;400&gt;.
" type="java.lang.AssertionError">
      <![CDATA[java.lang.AssertionError: 1 expectation failed.
Expected status code <200> but was <400>.

at java.base/jdk.internal.reflect.DirectConstructorHandleAccessor.newInstance(DirectConstructorHandleAccessor.java:62)
at java.base/java.lang.reflect.Constructor.newInstanceWithCaller(Constructor.java:502)
at java.base/java.lang.reflect.Constructor.newInstance(Constructor.java:486)
at org.codehaus.groovy.reflection.CachedConstructor.invoke(CachedConstructor.java:73)
at org.codehaus.groovy.runtime.callsite.ConstructorSite$ConstructorSiteNoUnwrapNoCoerce.callConstructor(ConstructorSite.java:108)
at org.codehaus.groovy.runtime.callsite.CallSiteArray.defaultCallConstructor(CallSiteArray.java:57)
at org.codehaus.groovy.runtime.callsite.AbstractCallSite.callConstructor(AbstractCallSite.java:263)
at org.codehaus.groovy.runtime.callsite.AbstractCallSite.callConstructor(AbstractCallSite.java:277)
at io.restassured.internal.ResponseSpecificationImpl$HamcrestAssertionClosure.validate(ResponseSpecificationImpl.groovy:512)
at io.restassured.internal.ResponseSpecificationImpl$HamcrestAssertionClosure$validate$1.call(Unknown Source)
at org.codehaus.groovy.runtime.callsite.CallSiteArray.defaultCall(CallSiteArray.java:45)
at org.codehaus.groovy.runtime.callsite.AbstractCallSite.call(AbstractCallSite.java:125)
at org.codehaus.groovy.runtime.callsite.AbstractCallSite.call(AbstractCallSite.java:139)
at io.restassured.internal.ResponseSpecificationImpl.validateResponseIfRequired(ResponseSpecificationImpl.groovy:696)
at io.restassured.internal.ResponseSpecificationImpl.this$2$validateResponseIfRequired(ResponseSpecificationImpl.groovy)
at java.base/jdk.internal.reflect.DirectMethodHandleAccessor.invoke(DirectMethodHandleAccessor.java:103)
at java.base/java.lang.reflect.Method.invoke(Method.java:580)
at org.codehaus.groovy.runtime.callsite.PlainObjectMetaMethodSite.doInvoke(PlainObjectMetaMethodSite.java:43)
at org.codehaus.groovy.runtime.callsite.PogoMetaMethodSite$PogoCachedMethodSiteNoUnwrapNoCoerce.invoke(PogoMetaMethodSite.java:198)
at org.codehaus.groovy.runtime.callsite.PogoMetaMethodSite.callCurrent(PogoMetaMethodSite.java:62)
at org.codehaus.groovy.runtime.callsite.CallSiteArray.defaultCallCurrent(CallSiteArray.java:49)
at org.codehaus.groovy.runtime.callsite.AbstractCallSite.callCurrent(AbstractCallSite.java:171)
at org.codehaus.groovy.runtime.callsite.AbstractCallSite.callCurrent(AbstractCallSite.java:185)
at io.restassured.internal.ResponseSpecificationImpl.statusCode(ResponseSpecificationImpl.groovy:135)
at io.restassured.specification.ResponseSpecification$statusCode$0.callCurrent(Unknown Source)
at org.codehaus.groovy.runtime.callsite.CallSiteArray.defaultCallCurrent(CallSiteArray.java:49)
at org.codehaus.groovy.runtime.callsite.AbstractCallSite.callCurrent(AbstractCallSite.java:171)
at org.codehaus.groovy.runtime.callsite.AbstractCallSite.callCurrent(AbstractCallSite.java:185)
at io.restassured.internal.ResponseSpecificationImpl.statusCode(ResponseSpecificationImpl.groovy:143)
at io.restassured.internal.ValidatableResponseOptionsImpl.statusCode(ValidatableResponseOptionsImpl.java:89)
at OTP.signupOtpVerify.getSecretKeyAndSignup(signupOtpVerify.java:29)
at java.base/jdk.internal.reflect.DirectMethodHandleAccessor.invoke(DirectMethodHandleAccessor.java:103)
at java.base/java.lang.reflect.Method.invoke(Method.java:580)
at org.testng.internal.MethodInvocationHelper.invokeMethod(MethodInvocationHelper.java:133)
at org.testng.internal.MethodInvocationHelper.invokeMethodConsideringTimeout(MethodInvocationHelper.java:62)
at org.testng.internal.ConfigInvoker.invokeConfigurationMethod(ConfigInvoker.java:385)
at org.testng.internal.ConfigInvoker.invokeConfigurations(ConfigInvoker.java:321)
at org.testng.internal.TestMethodWorker.invokeBeforeClassMethods(TestMethodWorker.java:176)
at org.testng.internal.TestMethodWorker.run(TestMethodWorker.java:122)
at java.base/java.util.ArrayList.forEach(ArrayList.java:1597)
at org.testng.TestRunner.privateRun(TestRunner.java:794)
at org.testng.TestRunner.run(TestRunner.java:596)
at org.testng.SuiteRunner.runTest(SuiteRunner.java:377)
at org.testng.SuiteRunner.runSequentially(SuiteRunner.java:371)
at org.testng.SuiteRunner.privateRun(SuiteRunner.java:332)
at org.testng.SuiteRunner.run(SuiteRunner.java:276)
at org.testng.SuiteRunnerWorker.runSuite(SuiteRunnerWorker.java:53)
at org.testng.SuiteRunnerWorker.run(SuiteRunnerWorker.java:96)
at org.testng.TestNG.runSuitesSequentially(TestNG.java:1212)
at org.testng.TestNG.runSuitesLocally(TestNG.java:1134)
at org.testng.TestNG.runSuites(TestNG.java:1063)
at org.testng.TestNG.run(TestNG.java:1031)
at org.testng.remote.AbstractRemoteTestNG.run(AbstractRemoteTestNG.java:115)
at org.testng.remote.RemoteTestNG.initAndRun(RemoteTestNG.java:293)
at org.testng.remote.RemoteTestNG.main(RemoteTestNG.java:91)
]]>
    </failure>
  </testcase> <!-- getSecretKeyAndSignup -->
  <system-out/>
  <testcase classname="OTP.signupOtpVerify" name="VerifySignupOtpwithoutemail" time="0.000">
    <skipped/>
  </testcase> <!-- VerifySignupOtpwithoutemail -->
  <system-out/>
</testsuite> <!-- OTP.signupOtpVerify -->
