<?xml version="1.0" encoding="UTF-8"?>
<!-- Generated by org.testng.reporters.JUnitReportReporter -->
<testsuite hostname="DESKTOP-LARUOSJ" failures="0" tests="1" name="Device.LoginDevice" time="2.946" errors="0" timestamp="2025-06-25T16:14:48 NPT" skipped="0">
  <testcase classname="Device.LoginDevice" name="getToken" time="2.946"/>
  <system-out/>
</testsuite> <!-- Device.LoginDevice -->
