<?xml version="1.0" encoding="UTF-8"?>
<!-- Generated by org.testng.reporters.JUnitReportReporter -->
<testsuite hostname="DESKTOP-LARUOSJ" failures="0" tests="1" name="OTP.signupOtpVerify" time="3.569" errors="0" timestamp="2025-05-09T14:20:30 NPT" skipped="0">
  <testcase classname="OTP.signupOtpVerify" name="VerifyOtpwithValidCredentials" time="3.569"/>
  <system-out/>
</testsuite> <!-- OTP.signupOtpVerify -->
