<?xml version="1.0" encoding="UTF-8"?>
<!-- Generated by org.testng.reporters.JUnitReportReporter -->
<testsuite hostname="DESKTOP-LARUOSJ" failures="0" tests="16" name="OTP.signupOtpVerify" time="6.549" errors="0" timestamp="2025-05-02T15:30:43 NPT" skipped="0">
  <testcase classname="OTP.signupOtpVerify" name="VerifyOtpwithValidCredentials" time="2.769"/>
  <system-out/>
  <testcase classname="OTP.signupOtpVerify" name="VerifySignUpwithInvalidEmail" time="0.330"/>
  <system-out/>
  <testcase classname="OTP.signupOtpVerify" name="VerifySignUpOtpwithoutOtp" time="0.449"/>
  <system-out/>
  <testcase classname="OTP.signupOtpVerify" name="VerifySignUpOtpwithoutpin" time="0.285"/>
  <system-out/>
  <testcase classname="OTP.signupOtpVerify" name="VerifySignUpwithWrongSignature" time="0.579"/>
  <system-out/>
  <testcase classname="OTP.signupOtpVerify" name="VerifySignUpwithouttoken" time="0.267"/>
  <system-out/>
  <testcase classname="OTP.signupOtpVerify" name="VerifySignUpwithInvalidToken" time="0.406"/>
  <system-out/>
  <testcase classname="OTP.signupOtpVerify" name="verifySignUpwithoutUserAgent" time="0.142"/>
  <system-out/>
  <testcase classname="OTP.signupOtpVerify" name="VerifySignupOtpwithoutemail" time="0.098"/>
  <system-out/>
  <testcase classname="OTP.signupOtpVerify" name="VerifySignUpwithoutSignature" time="0.292"/>
  <system-out/>
  <testcase classname="OTP.signupOtpVerify" name="verifySignUpOtpwithoutLocation" time="0.196"/>
  <system-out/>
  <testcase classname="OTP.signupOtpVerify" name="VerifySignUpwithInvalidOtp" time="0.077"/>
  <system-out/>
  <testcase classname="OTP.signupOtpVerify" name="VerifySignupwithInvalidTimestamp" time="0.111"/>
  <system-out/>
  <testcase classname="OTP.signupOtpVerify" name="VerifySignUpOtpwithoutTimestamp" time="0.222"/>
  <system-out/>
  <testcase classname="OTP.signupOtpVerify" name="VerifySignUpwithInvalidPin" time="0.067"/>
  <system-out/>
  <testcase classname="OTP.signupOtpVerify" name="verifySignUpOtpwithoutDeviceId" time="0.259"/>
  <system-out/>
</testsuite> <!-- OTP.signupOtpVerify -->
