<?xml version="1.0" encoding="UTF-8"?>
<!-- Generated by org.testng.reporters.JUnitReportReporter -->
<testsuite hostname="DESKTOP-LARUOSJ" failures="0" tests="16" name="OTP.signupOtpVerify" time="6.259" errors="0" timestamp="2025-06-11T15:47:45 NPT" skipped="0">
  <testcase classname="OTP.signupOtpVerify" name="VerifySignUpwithoutSignature" time="0.114"/>
  <system-out/>
  <testcase classname="OTP.signupOtpVerify" name="VerifySignUpwithouttoken" time="0.276"/>
  <system-out/>
  <testcase classname="OTP.signupOtpVerify" name="VerifySignupOtpwithoutemail" time="0.097"/>
  <system-out/>
  <testcase classname="OTP.signupOtpVerify" name="VerifySignUpwithInvalidToken" time="0.198"/>
  <system-out/>
  <testcase classname="OTP.signupOtpVerify" name="VerifySignUpwithInvalidEmail" time="0.272"/>
  <system-out/>
  <testcase classname="OTP.signupOtpVerify" name="VerifySignUpwithWrongSignature" time="0.093"/>
  <system-out/>
  <testcase classname="OTP.signupOtpVerify" name="VerifySignupwithInvalidTimestamp" time="0.143"/>
  <system-out/>
  <testcase classname="OTP.signupOtpVerify" name="VerifySignUpwithInvalidOtp" time="0.093"/>
  <system-out/>
  <testcase classname="OTP.signupOtpVerify" name="VerifySignUpOtpwithoutpin" time="0.162"/>
  <system-out/>
  <testcase classname="OTP.signupOtpVerify" name="verifySignUpOtpwithoutDeviceId" time="0.081"/>
  <system-out/>
  <testcase classname="OTP.signupOtpVerify" name="VerifyOtpwithValidCredentials" time="2.861"/>
  <system-out/>
  <testcase classname="OTP.signupOtpVerify" name="VerifySignUpOtpwithoutTimestamp" time="0.127"/>
  <system-out/>
  <testcase classname="OTP.signupOtpVerify" name="verifySignUpwithoutUserAgent" time="0.101"/>
  <system-out/>
  <testcase classname="OTP.signupOtpVerify" name="verifySignUpOtpwithoutLocation" time="0.193"/>
  <system-out/>
  <testcase classname="OTP.signupOtpVerify" name="VerifySignUpwithInvalidPin" time="0.057"/>
  <system-out/>
  <testcase classname="OTP.signupOtpVerify" name="VerifySignUpOtpwithoutOtp" time="1.391"/>
  <system-out/>
</testsuite> <!-- OTP.signupOtpVerify -->
