<?xml version="1.0" encoding="UTF-8"?>
<!-- Generated by org.testng.reporters.JUnitReportReporter -->
<testsuite hostname="DESKTOP-LARUOSJ" failures="0" tests="1" name="KeyGeneration.KeyGenerate" time="3.942" errors="0" timestamp="2025-06-16T15:14:30 NPT" skipped="0">
  <testcase classname="KeyGeneration.KeyGenerate" name="GetKey" time="3.942"/>
  <system-out/>
</testsuite> <!-- KeyGeneration.KeyGenerate -->
