<?xml version="1.0" encoding="UTF-8"?>
<!-- Generated by org.testng.reporters.JUnitReportReporter -->
<testsuite hostname="DESKTOP-LARUOSJ" failures="0" tests="1" name="Authentication.sessionSignatureGson" time="0.042" errors="0" timestamp="2025-08-11T12:14:47 NPT" skipped="0">
  <testcase classname="Authentication.sessionSignatureGson" name="getSignature" time="0.042"/>
  <system-out/>
</testsuite> <!-- Authentication.sessionSignatureGson -->
