<?xml version="1.0" encoding="UTF-8"?>
<!-- Generated by org.testng.reporters.JUnitReportReporter -->
<testsuite hostname="DESKTOP-LARUOSJ" failures="0" tests="1" name="Profile.profile" time="0.672" errors="0" timestamp="2025-04-30T15:48:29 NPT" skipped="0">
  <testcase classname="Profile.profile" name="getUserDetails" time="0.672"/>
  <system-out/>
</testsuite> <!-- Profile.profile -->
