<?xml version="1.0" encoding="UTF-8"?>
<!-- Generated by org.testng.reporters.JUnitReportReporter -->
<testsuite hostname="DESKTOP-LARUOSJ" failures="0" tests="1" name="Device.deviceRegister" time="0.272" errors="0" timestamp="2025-05-04T15:02:32 NPT" skipped="0">
  <testcase classname="Device.deviceRegister" name="registerDevicewithValidParameters" time="0.272"/>
  <system-out/>
</testsuite> <!-- Device.deviceRegister -->
