<?xml version="1.0" encoding="UTF-8"?>
<!-- Generated by org.testng.reporters.JUnitReportReporter -->
<testsuite hostname="DESKTOP-LARUOSJ" failures="0" tests="1" name="Device.LoginDevice" time="5.793" errors="0" timestamp="2025-09-02T16:05:43 NPT" skipped="0">
  <testcase classname="Device.LoginDevice" name="getToken" time="5.793"/>
  <system-out/>
</testsuite> <!-- Device.LoginDevice -->
