<?xml version="1.0" encoding="UTF-8"?>
<!-- Generated by org.testng.reporters.JUnitReportReporter -->
<testsuite hostname="DESKTOP-LARUOSJ" failures="1" tests="17" name="OTP.verifyresetOtp" time="19.606" errors="0" timestamp="2025-05-23T11:04:43 NPT" skipped="0">
  <testcase classname="OTP.verifyresetOtp" name="VerifySignUpwithouttoken" time="0.403"/>
  <system-out/>
  <testcase classname="OTP.verifyresetOtp" name="VerifySignUpwithInvalidPin" time="1.064"/>
  <system-out/>
  <testcase classname="OTP.verifyresetOtp" name="VerifySignUpOtpwithoutpin" time="1.651"/>
  <system-out/>
  <testcase classname="OTP.verifyresetOtp" name="VerifySignUpwithWrongSignature" time="0.257"/>
  <system-out/>
  <testcase classname="OTP.verifyresetOtp" name="VerifySignUpwithInvalidToken" time="0.399"/>
  <system-out/>
  <testcase classname="OTP.verifyresetOtp" name="verifySignUpwithoutUserAgent" time="0.250"/>
  <system-out/>
  <testcase classname="OTP.verifyresetOtp" name="VerifySignUpOtpwithoutOtp" time="0.265"/>
  <system-out/>
  <testcase classname="OTP.verifyresetOtp" name="VerifyOtpwithexpiredOtp" time="2.085">
    <failure message="expected [VST_RESET_OTP_FAILED] but found [GNR_OK]" type="java.lang.AssertionError">
      <![CDATA[java.lang.AssertionError: expected [VST_RESET_OTP_FAILED] but found [GNR_OK]
at org.testng.Assert.fail(Assert.java:99)
at org.testng.Assert.failNotEquals(Assert.java:1037)
at org.testng.Assert.assertEqualsImpl(Assert.java:140)
at org.testng.Assert.assertEquals(Assert.java:122)
at org.testng.Assert.assertEquals(Assert.java:629)
at org.testng.Assert.assertEquals(Assert.java:639)
at OTP.verifyresetOtp.VerifyOtpwithexpiredOtp(verifyresetOtp.java:1110)
at java.base/jdk.internal.reflect.DirectMethodHandleAccessor.invoke(DirectMethodHandleAccessor.java:103)
at java.base/java.lang.reflect.Method.invoke(Method.java:580)
at org.testng.internal.MethodInvocationHelper.invokeMethod(MethodInvocationHelper.java:133)
at org.testng.internal.TestInvoker.invokeMethod(TestInvoker.java:598)
at org.testng.internal.TestInvoker.invokeTestMethod(TestInvoker.java:173)
at org.testng.internal.MethodRunner.runInSequence(MethodRunner.java:46)
at org.testng.internal.TestInvoker$MethodInvocationAgent.invoke(TestInvoker.java:824)
at org.testng.internal.TestInvoker.invokeTestMethods(TestInvoker.java:146)
at org.testng.internal.TestMethodWorker.invokeTestMethods(TestMethodWorker.java:146)
at org.testng.internal.TestMethodWorker.run(TestMethodWorker.java:128)
at java.base/java.util.ArrayList.forEach(ArrayList.java:1597)
at org.testng.TestRunner.privateRun(TestRunner.java:794)
at org.testng.TestRunner.run(TestRunner.java:596)
at org.testng.SuiteRunner.runTest(SuiteRunner.java:377)
at org.testng.SuiteRunner.runSequentially(SuiteRunner.java:371)
at org.testng.SuiteRunner.privateRun(SuiteRunner.java:332)
at org.testng.SuiteRunner.run(SuiteRunner.java:276)
at org.testng.SuiteRunnerWorker.runSuite(SuiteRunnerWorker.java:53)
at org.testng.SuiteRunnerWorker.run(SuiteRunnerWorker.java:96)
at org.testng.TestNG.runSuitesSequentially(TestNG.java:1212)
at org.testng.TestNG.runSuitesLocally(TestNG.java:1134)
at org.testng.TestNG.runSuites(TestNG.java:1063)
at org.testng.TestNG.run(TestNG.java:1031)
at org.testng.remote.AbstractRemoteTestNG.run(AbstractRemoteTestNG.java:115)
at org.testng.remote.RemoteTestNG.initAndRun(RemoteTestNG.java:293)
at org.testng.remote.RemoteTestNG.main(RemoteTestNG.java:91)
]]>
    </failure>
  </testcase> <!-- VerifyOtpwithexpiredOtp -->
  <system-out/>
  <testcase classname="OTP.verifyresetOtp" name="VerifySignupwithInvalidTimestamp" time="0.602"/>
  <system-out/>
  <testcase classname="OTP.verifyresetOtp" name="VerifySignUpwithoutSignature" time="0.230"/>
  <system-out/>
  <testcase classname="OTP.verifyresetOtp" name="VerifySignUpwithInvalidEmail" time="1.570"/>
  <system-out/>
  <testcase classname="OTP.verifyresetOtp" name="verifySignUpOtpwithoutLocation" time="0.464"/>
  <system-out/>
  <testcase classname="OTP.verifyresetOtp" name="verifySignUpOtpwithoutDeviceId" time="1.279"/>
  <system-out/>
  <testcase classname="OTP.verifyresetOtp" name="VerifySignupOtpwithoutemail" time="0.479"/>
  <system-out/>
  <testcase classname="OTP.verifyresetOtp" name="VerifyOtpwithInactiveDevice" time="5.464"/>
  <system-out/>
  <testcase classname="OTP.verifyresetOtp" name="VerifySignUpOtpwithoutTimestamp" time="1.772"/>
  <system-out/>
  <testcase classname="OTP.verifyresetOtp" name="VerifySignUpwithInvalidOtp" time="1.372"/>
  <system-out/>
</testsuite> <!-- OTP.verifyresetOtp -->
