<?xml version="1.0" encoding="UTF-8"?>
<!-- Generated by org.testng.reporters.JUnitReportReporter -->
<testsuite hostname="DESKTOP-LARUOSJ" failures="0" tests="20" name="OTP.dormantVerify" time="9.894" errors="0" timestamp="2025-07-07T11:51:33 NPT" skipped="0">
  <testcase classname="OTP.dormantVerify" name="verifyprofilewithInvaliddevice" time="0.197"/>
  <system-out/>
  <testcase classname="OTP.dormantVerify" name="verifyprofilewithincorrectOtp" time="0.560"/>
  <system-out/>
  <testcase classname="OTP.dormantVerify" name="verifyprofilewithValidCredentials" time="0.259"/>
  <system-out/>
  <testcase classname="OTP.dormantVerify" name="verifyprofilewithoutpushtoken" time="0.108"/>
  <system-out/>
  <testcase classname="OTP.dormantVerify" name="verifyprofilewithoutOtp" time="0.236"/>
  <system-out/>
  <testcase classname="OTP.dormantVerify" name="verifyprofilewithInvalidUserAgent" time="0.273"/>
  <system-out/>
  <testcase classname="OTP.dormantVerify" name="verifyprofilewithInvalidEmailFormat" time="0.254"/>
  <system-out/>
  <testcase classname="OTP.dormantVerify" name="verifyprofilewithIncorrectToken" time="0.252"/>
  <system-out/>
  <testcase classname="OTP.dormantVerify" name="verifyAccountwithoutdeviceId" time="1.088"/>
  <system-out/>
  <testcase classname="OTP.dormantVerify" name="verifyprofilewithoutLocation" time="0.176"/>
  <system-out/>
  <testcase classname="OTP.dormantVerify" name="verifyprofilewithoutdevice" time="0.090"/>
  <system-out/>
  <testcase classname="OTP.dormantVerify" name="verifyprofilewithoutToken" time="0.225"/>
  <system-out/>
  <testcase classname="OTP.dormantVerify" name="verifyprofilewithoutSignature" time="0.155"/>
  <system-out/>
  <testcase classname="OTP.dormantVerify" name="verifyprofilewithexpiredOtp" time="0.256"/>
  <system-out/>
  <testcase classname="OTP.dormantVerify" name="verifyprofilewithoutRequestTimestamp" time="0.251"/>
  <system-out/>
  <testcase classname="OTP.dormantVerify" name="verifyprofilewithInvalidRequestTimestamp" time="0.216"/>
  <system-out/>
  <testcase classname="OTP.dormantVerify" name="verifyprofilewithInvalidOtp" time="0.251"/>
  <system-out/>
  <testcase classname="OTP.dormantVerify" name="verifyprofilewithoutUserAgent" time="0.129"/>
  <system-out/>
  <testcase classname="OTP.dormantVerify" name="VerifyprofilewithInvalidLocation" time="4.670"/>
  <system-out/>
  <testcase classname="OTP.dormantVerify" name="verifyprofilewithInvalidSignature" time="0.248"/>
  <system-out/>
</testsuite> <!-- OTP.dormantVerify -->
