<?xml version="1.0" encoding="UTF-8"?>
<!-- Generated by org.testng.reporters.JUnitReportReporter -->
<testsuite hostname="DESKTOP-LARUOSJ" failures="0" tests="1" name="OTP.signupOtpVerify" time="3.164" errors="0" timestamp="2025-05-13T10:38:26 NPT" skipped="0">
  <testcase classname="OTP.signupOtpVerify" name="VerifyOtpwithValidCredentials" time="3.164"/>
  <system-out/>
</testsuite> <!-- OTP.signupOtpVerify -->
