<?xml version="1.0" encoding="UTF-8"?>
<!-- Generated by org.testng.reporters.JUnitReportReporter -->
<testsuite hostname="DESKTOP-LARUOSJ" failures="0" tests="1" name="OTP.signUp" time="0.257" errors="0" timestamp="2025-04-27T12:03:39 NPT" skipped="0">
  <testcase classname="OTP.signUp" name="signUpwithValidCredentials" time="0.257"/>
  <system-out/>
</testsuite> <!-- OTP.signUp -->
