<?xml version="1.0" encoding="UTF-8"?>
<!-- Generated by org.testng.reporters.JUnitReportReporter -->
<testsuite hostname="DESKTOP-LARUOSJ" failures="0" tests="15" name="Authentication.session" time="30.730" errors="0" timestamp="2025-06-29T16:34:30 NPT" skipped="0">
  <testcase classname="Authentication.session" name="GetSessionwithoutRequestTimestamp" time="3.437"/>
  <system-out/>
  <testcase classname="Authentication.session" name="GetSessionwithoutAuth" time="1.240"/>
  <system-out/>
  <testcase classname="Authentication.session" name="GetSessionwithInvalidLocation" time="0.187"/>
  <system-out/>
  <testcase classname="Authentication.session" name="GetSessionwithInvalidRequestTimestamp" time="0.115"/>
  <system-out/>
  <testcase classname="Authentication.session" name="GetSessionwithInvalidSystemID" time="0.582"/>
  <system-out/>
  <testcase classname="Authentication.session" name="GetSessionwithInvalidDevice" time="0.148"/>
  <system-out/>
  <testcase classname="Authentication.session" name="GetSessionwithoutSignature" time="2.699"/>
  <system-out/>
  <testcase classname="Authentication.session" name="GetSessionwithInvalidSignature" time="0.083"/>
  <system-out/>
  <testcase classname="Authentication.session" name="GetSessionInformation" time="0.383"/>
  <system-out/>
  <testcase classname="Authentication.session" name="GetSessionwithoutDevice" time="2.429"/>
  <system-out/>
  <testcase classname="Authentication.session" name="GetSessionwithoutSystemID" time="1.987"/>
  <system-out/>
  <testcase classname="Authentication.session" name="GetSessionwithInvalidAuth" time="0.169"/>
  <system-out/>
  <testcase classname="Authentication.session" name="GetSessionwithoutLocation" time="13.233"/>
  <system-out/>
  <testcase classname="Authentication.session" name="GetSessionwithoutUserAgent" time="1.948"/>
  <system-out/>
  <testcase classname="Authentication.session" name="GetSessionwithInvalidUser" time="2.090"/>
  <system-out/>
</testsuite> <!-- Authentication.session -->
