<?xml version="1.0" encoding="UTF-8"?>
<!-- Generated by org.testng.reporters.JUnitReportReporter -->
<testsuite hostname="DESKTOP-LARUOSJ" failures="0" tests="1" name="Authentication.authenticate" time="1.018" errors="0" timestamp="2025-08-27T14:52:29 NPT" skipped="0">
  <testcase classname="Authentication.authenticate" name="AuthenticatewithValidCredentials" time="1.018"/>
  <system-out/>
</testsuite> <!-- Authentication.authenticate -->
