<?xml version="1.0" encoding="UTF-8"?>
<!-- Generated by org.testng.reporters.JUnitReportReporter -->
<testsuite hostname="DESKTOP-LARUOSJ" failures="0" tests="1" name="Card.cardAdd" time="0.690" errors="0" timestamp="2025-05-20T15:34:23 NPT" skipped="0">
  <testcase classname="Card.cardAdd" name="getUserDetails" time="0.690"/>
  <system-out/>
</testsuite> <!-- Card.cardAdd -->
