<?xml version="1.0" encoding="UTF-8"?>
<!-- Generated by org.testng.reporters.JUnitReportReporter -->
<testsuite hostname="DESKTOP-LARUOSJ" failures="0" tests="1" name="OTP.sign" time="0.263" errors="1" timestamp="2025-04-25T16:44:05 NPT" skipped="0">
  <testcase classname="OTP.sign" name="getSignature" time="0.263">
    <error message="Invalid AES key length: 44 bytes" type="java.security.InvalidKeyException">
      <![CDATA[java.security.InvalidKeyException: Invalid AES key length: 44 bytes
at java.base/com.sun.crypto.provider.AESCrypt.makeSessionKey(AESCrypt.java:1329)
at java.base/com.sun.crypto.provider.AESCrypt.init(AESCrypt.java:1053)
at java.base/com.sun.crypto.provider.ElectronicCodeBook.init(ElectronicCodeBook.java:97)
at java.base/com.sun.crypto.provider.CipherCore.init(CipherCore.java:481)
at java.base/com.sun.crypto.provider.CipherCore.init(CipherCore.java:399)
at java.base/com.sun.crypto.provider.AESCipher.engineInit(AESCipher.java:311)
at java.base/javax.crypto.Cipher.implInit(Cipher.java:872)
at java.base/javax.crypto.Cipher.chooseProvider(Cipher.java:934)
at java.base/javax.crypto.Cipher.init(Cipher.java:1313)
at java.base/javax.crypto.Cipher.init(Cipher.java:1246)
at OTP.signatureCreate.encryptAES256(signatureCreate.java:31)
at OTP.sign.getSignature(sign.java:25)
at java.base/jdk.internal.reflect.DirectMethodHandleAccessor.invoke(DirectMethodHandleAccessor.java:103)
at java.base/java.lang.reflect.Method.invoke(Method.java:580)
at org.testng.internal.MethodInvocationHelper.invokeMethod(MethodInvocationHelper.java:133)
at org.testng.internal.TestInvoker.invokeMethod(TestInvoker.java:598)
at org.testng.internal.TestInvoker.invokeTestMethod(TestInvoker.java:173)
at org.testng.internal.MethodRunner.runInSequence(MethodRunner.java:46)
at org.testng.internal.TestInvoker$MethodInvocationAgent.invoke(TestInvoker.java:824)
at org.testng.internal.TestInvoker.invokeTestMethods(TestInvoker.java:146)
at org.testng.internal.TestMethodWorker.invokeTestMethods(TestMethodWorker.java:146)
at org.testng.internal.TestMethodWorker.run(TestMethodWorker.java:128)
at java.base/java.util.ArrayList.forEach(ArrayList.java:1597)
at org.testng.TestRunner.privateRun(TestRunner.java:794)
at org.testng.TestRunner.run(TestRunner.java:596)
at org.testng.SuiteRunner.runTest(SuiteRunner.java:377)
at org.testng.SuiteRunner.runSequentially(SuiteRunner.java:371)
at org.testng.SuiteRunner.privateRun(SuiteRunner.java:332)
at org.testng.SuiteRunner.run(SuiteRunner.java:276)
at org.testng.SuiteRunnerWorker.runSuite(SuiteRunnerWorker.java:53)
at org.testng.SuiteRunnerWorker.run(SuiteRunnerWorker.java:96)
at org.testng.TestNG.runSuitesSequentially(TestNG.java:1212)
at org.testng.TestNG.runSuitesLocally(TestNG.java:1134)
at org.testng.TestNG.runSuites(TestNG.java:1063)
at org.testng.TestNG.run(TestNG.java:1031)
at org.testng.remote.AbstractRemoteTestNG.run(AbstractRemoteTestNG.java:115)
at org.testng.remote.RemoteTestNG.initAndRun(RemoteTestNG.java:293)
at org.testng.remote.RemoteTestNG.main(RemoteTestNG.java:91)
]]>
    </error>
  </testcase> <!-- getSignature -->
  <system-out/>
</testsuite> <!-- OTP.sign -->
