<?xml version="1.0" encoding="UTF-8"?>
<!-- Generated by org.testng.reporters.JUnitReportReporter -->
<testsuite hostname="DESKTOP-LARUOSJ" failures="0" tests="1" name="OTP.signture" time="0.262" errors="0" timestamp="2025-04-30T16:04:12 NPT" skipped="0">
  <testcase classname="OTP.signture" name="sign" time="0.262"/>
  <system-out/>
</testsuite> <!-- OTP.signture -->
