<?xml version="1.0" encoding="UTF-8"?>
<!-- Generated by org.testng.reporters.JUnitReportReporter -->
<testsuite hostname="DESKTOP-LARUOSJ" failures="0" tests="22" name="Device.deviceRegister" time="8.673" errors="0" timestamp="2025-09-02T15:56:02 NPT" skipped="0">
  <testcase classname="Device.deviceRegister" name="VerifyOtpwithInvalidColorDepth" time="0.233"/>
  <system-out/>
  <testcase classname="Device.deviceRegister" name="VerifydeviceOtpwithoutemail" time="0.174"/>
  <system-out/>
  <testcase classname="Device.deviceRegister" name="VerifyOtpwithInvalidDeviceModel" time="0.254"/>
  <system-out/>
  <testcase classname="Device.deviceRegister" name="VerifydeviceOtpwithoutTimestamp" time="0.170"/>
  <system-out/>
  <testcase classname="Device.deviceRegister" name="VerifydevicewithWrongSignature" time="0.074"/>
  <system-out/>
  <testcase classname="Device.deviceRegister" name="Verifydevicewithouttoken" time="0.151"/>
  <system-out/>
  <testcase classname="Device.deviceRegister" name="VerifydevicewithInvalidToken" time="0.117"/>
  <system-out/>
  <testcase classname="Device.deviceRegister" name="VerifyOtpwithInvalidScreenHeight" time="0.297"/>
  <system-out/>
  <testcase classname="Device.deviceRegister" name="verifydeviceOtpwithoutDeviceId" time="0.158"/>
  <system-out/>
  <testcase classname="Device.deviceRegister" name="VerifyOtpwithEmptyPushToken" time="0.675"/>
  <system-out/>
  <testcase classname="Device.deviceRegister" name="VerifyOtpwithEmptyDeviceDetails" time="4.563"/>
  <system-out/>
  <testcase classname="Device.deviceRegister" name="VerifydeviceOtpwithoutpin" time="0.119"/>
  <system-out/>
  <testcase classname="Device.deviceRegister" name="VerifydevicewithInvalidTimestamp" time="0.231"/>
  <system-out/>
  <testcase classname="Device.deviceRegister" name="VerifyOtpwithMissingdeviceModel" time="0.244"/>
  <system-out/>
  <testcase classname="Device.deviceRegister" name="VerifydevicewithInvalidOtp" time="0.184"/>
  <system-out/>
  <testcase classname="Device.deviceRegister" name="verifydevicewithoutUserAgent" time="0.102"/>
  <system-out/>
  <testcase classname="Device.deviceRegister" name="VerifydevicewithInvalidPin" time="0.132"/>
  <system-out/>
  <testcase classname="Device.deviceRegister" name="VerifyOtpwithInvalidScreenWidth" time="0.244"/>
  <system-out/>
  <testcase classname="Device.deviceRegister" name="VerifydeviceOtpwithoutOtp" time="0.253"/>
  <system-out/>
  <testcase classname="Device.deviceRegister" name="VerifydevicewithoutSignature" time="0.069"/>
  <system-out/>
  <testcase classname="Device.deviceRegister" name="verifydeviceOtpwithoutLocation" time="0.142"/>
  <system-out/>
  <testcase classname="Device.deviceRegister" name="VerifydevicewithInvalidEmail" time="0.087"/>
  <system-out/>
</testsuite> <!-- Device.deviceRegister -->
