<?xml version="1.0" encoding="UTF-8"?>
<!-- Generated by org.testng.reporters.JUnitReportReporter -->
<testsuite hostname="DESKTOP-LARUOSJ" failures="0" tests="1" name="OTP.resetOtp" time="1.347" errors="0" timestamp="2025-08-15T16:53:25 NPT" skipped="0">
  <testcase classname="OTP.resetOtp" name="signUpwithValidCredentials" time="1.347"/>
  <system-out/>
</testsuite> <!-- OTP.resetOtp -->
