<?xml version="1.0" encoding="UTF-8"?>
<!-- Generated by org.testng.reporters.JUnitReportReporter -->
<testsuite hostname="DESKTOP-LARUOSJ" failures="0" tests="1" name="OTP.signupOtpVerify" time="5.138" errors="0" timestamp="2025-05-15T16:48:37 NPT" skipped="0">
  <testcase classname="OTP.signupOtpVerify" name="VerifyOtpwithValidCredentials" time="5.138"/>
  <system-out/>
</testsuite> <!-- OTP.signupOtpVerify -->
