<?xml version="1.0" encoding="UTF-8"?>
<!-- Generated by org.testng.reporters.JUnitReportReporter -->
<testsuite hostname="DESKTOP-LARUOSJ" failures="1" tests="16" name="OTP.verifyresetOtp" time="20.505" errors="0" timestamp="2025-05-15T16:57:11 NPT" skipped="0">
  <testcase classname="OTP.verifyresetOtp" name="verifySignUpOtpwithoutDeviceId" time="1.635"/>
  <system-out/>
  <testcase classname="OTP.verifyresetOtp" name="VerifySignUpOtpwithoutpin" time="2.795"/>
  <system-out/>
  <testcase classname="OTP.verifyresetOtp" name="VerifySignupwithInvalidTimestamp" time="2.592"/>
  <system-out/>
  <testcase classname="OTP.verifyresetOtp" name="VerifySignupOtpwithoutemail" time="0.429"/>
  <system-out/>
  <testcase classname="OTP.verifyresetOtp" name="VerifySignUpwithInvalidPin" time="0.679"/>
  <system-out/>
  <testcase classname="OTP.verifyresetOtp" name="verifySignUpOtpwithoutLocation" time="0.893"/>
  <system-out/>
  <testcase classname="OTP.verifyresetOtp" name="VerifySignUpwithInvalidToken" time="0.348"/>
  <system-out/>
  <testcase classname="OTP.verifyresetOtp" name="VerifySignUpOtpwithoutOtp" time="1.023"/>
  <system-out/>
  <testcase classname="OTP.verifyresetOtp" name="verifySignUpwithoutUserAgent" time="1.283"/>
  <system-out/>
  <testcase classname="OTP.verifyresetOtp" name="VerifySignUpOtpwithoutTimestamp" time="0.524"/>
  <system-out/>
  <testcase classname="OTP.verifyresetOtp" name="VerifySignUpwithInvalidEmail" time="0.641"/>
  <system-out/>
  <testcase classname="OTP.verifyresetOtp" name="VerifyOtpwithValidCredentials" time="5.098">
    <failure message="sessionkey is missing from the response expected object to not be null" type="java.lang.AssertionError">
      <![CDATA[java.lang.AssertionError: sessionkey is missing from the response expected object to not be null
at org.testng.Assert.fail(Assert.java:99)
at org.testng.Assert.assertNotNull(Assert.java:942)
at OTP.verifyresetOtp.VerifyOtpwithValidCredentials(verifyresetOtp.java:980)
at java.base/jdk.internal.reflect.DirectMethodHandleAccessor.invoke(DirectMethodHandleAccessor.java:103)
at java.base/java.lang.reflect.Method.invoke(Method.java:580)
at org.testng.internal.MethodInvocationHelper.invokeMethod(MethodInvocationHelper.java:133)
at org.testng.internal.TestInvoker.invokeMethod(TestInvoker.java:598)
at org.testng.internal.TestInvoker.invokeTestMethod(TestInvoker.java:173)
at org.testng.internal.MethodRunner.runInSequence(MethodRunner.java:46)
at org.testng.internal.TestInvoker$MethodInvocationAgent.invoke(TestInvoker.java:824)
at org.testng.internal.TestInvoker.invokeTestMethods(TestInvoker.java:146)
at org.testng.internal.TestMethodWorker.invokeTestMethods(TestMethodWorker.java:146)
at org.testng.internal.TestMethodWorker.run(TestMethodWorker.java:128)
at java.base/java.util.ArrayList.forEach(ArrayList.java:1597)
at org.testng.TestRunner.privateRun(TestRunner.java:794)
at org.testng.TestRunner.run(TestRunner.java:596)
at org.testng.SuiteRunner.runTest(SuiteRunner.java:377)
at org.testng.SuiteRunner.runSequentially(SuiteRunner.java:371)
at org.testng.SuiteRunner.privateRun(SuiteRunner.java:332)
at org.testng.SuiteRunner.run(SuiteRunner.java:276)
at org.testng.SuiteRunnerWorker.runSuite(SuiteRunnerWorker.java:53)
at org.testng.SuiteRunnerWorker.run(SuiteRunnerWorker.java:96)
at org.testng.TestNG.runSuitesSequentially(TestNG.java:1212)
at org.testng.TestNG.runSuitesLocally(TestNG.java:1134)
at org.testng.TestNG.runSuites(TestNG.java:1063)
at org.testng.TestNG.run(TestNG.java:1031)
at org.testng.remote.AbstractRemoteTestNG.run(AbstractRemoteTestNG.java:115)
at org.testng.remote.RemoteTestNG.initAndRun(RemoteTestNG.java:293)
at org.testng.remote.RemoteTestNG.main(RemoteTestNG.java:91)
]]>
    </failure>
  </testcase> <!-- VerifyOtpwithValidCredentials -->
  <system-out/>
  <testcase classname="OTP.verifyresetOtp" name="VerifySignUpwithoutSignature" time="0.122"/>
  <system-out/>
  <testcase classname="OTP.verifyresetOtp" name="VerifySignUpwithouttoken" time="0.795"/>
  <system-out/>
  <testcase classname="OTP.verifyresetOtp" name="VerifySignUpwithWrongSignature" time="0.310"/>
  <system-out/>
  <testcase classname="OTP.verifyresetOtp" name="VerifySignUpwithInvalidOtp" time="1.338"/>
  <system-out/>
</testsuite> <!-- OTP.verifyresetOtp -->
