<?xml version="1.0" encoding="UTF-8"?>
<!-- Generated by org.testng.reporters.JUnitReportReporter -->
<testsuite hostname="DESKTOP-LARUOSJ" failures="0" tests="1" name="Device.deviceRegister" time="5.119" errors="0" timestamp="2025-08-15T16:37:37 NPT" skipped="0">
  <testcase classname="Device.deviceRegister" name="registerDevicewithValidParameters" time="5.119"/>
  <system-out/>
</testsuite> <!-- Device.deviceRegister -->
