<?xml version="1.0" encoding="UTF-8"?>
<!-- Generated by org.testng.reporters.JUnitReportReporter -->
<testsuite hostname="DESKTOP-LARUOSJ" failures="0" tests="15" name="Authentication.session" time="3.353" errors="0" timestamp="2025-05-15T14:07:46 NPT" skipped="0">
  <testcase classname="Authentication.session" name="GetSessionwithoutLocation" time="0.430"/>
  <system-out/>
  <testcase classname="Authentication.session" name="GetSessionwithoutRequestTimestamp" time="0.186"/>
  <system-out/>
  <testcase classname="Authentication.session" name="GetSessionwithInvalidDevice" time="0.106"/>
  <system-out/>
  <testcase classname="Authentication.session" name="GetSessionwithoutSignature" time="0.216"/>
  <system-out/>
  <testcase classname="Authentication.session" name="GetSessionwithoutSystemID" time="0.286"/>
  <system-out/>
  <testcase classname="Authentication.session" name="GetSessionInformation" time="0.401"/>
  <system-out/>
  <testcase classname="Authentication.session" name="GetSessionwithInvalidRequestTimestamp" time="0.103"/>
  <system-out/>
  <testcase classname="Authentication.session" name="GetSessionwithoutAuth" time="0.213"/>
  <system-out/>
  <testcase classname="Authentication.session" name="GetSessionwithoutUserAgent" time="0.314"/>
  <system-out/>
  <testcase classname="Authentication.session" name="GetSessionwithInvalidLocation" time="0.200"/>
  <system-out/>
  <testcase classname="Authentication.session" name="GetSessionwithInvalidSignature" time="0.182"/>
  <system-out/>
  <testcase classname="Authentication.session" name="GetSessionwithInvalidSystemID" time="0.228"/>
  <system-out/>
  <testcase classname="Authentication.session" name="GetSessionwithInvalidUser" time="0.203"/>
  <system-out/>
  <testcase classname="Authentication.session" name="GetSessionwithInvalidAuth" time="0.111"/>
  <system-out/>
  <testcase classname="Authentication.session" name="GetSessionwithoutDevice" time="0.174"/>
  <system-out/>
</testsuite> <!-- Authentication.session -->
