<?xml version="1.0" encoding="UTF-8"?>
<!-- Generated by org.testng.reporters.JUnitReportReporter -->
<testsuite hostname="DESKTOP-LARUOSJ" failures="0" tests="9" name="Authentication.logOut" time="1.708" errors="0" timestamp="2025-06-29T16:33:42 NPT" skipped="0">
  <testcase classname="Authentication.logOut" name="logoutwithInvalidLocation" time="0.245"/>
  <system-out/>
  <testcase classname="Authentication.logOut" name="logoutwithoutLocation" time="0.110"/>
  <system-out/>
  <testcase classname="Authentication.logOut" name="logoutwithoutUserAgent" time="0.055"/>
  <system-out/>
  <testcase classname="Authentication.logOut" name="logoutwithInvalidDevice" time="0.147"/>
  <system-out/>
  <testcase classname="Authentication.logOut" name="logoutwithoutAuth" time="0.158"/>
  <system-out/>
  <testcase classname="Authentication.logOut" name="logoutwithInvalidUserAgent" time="0.611"/>
  <system-out/>
  <testcase classname="Authentication.logOut" name="LogoutwithValidCredentials" time="0.145"/>
  <system-out/>
  <testcase classname="Authentication.logOut" name="logoutwithoutDevice" time="0.105"/>
  <system-out/>
  <testcase classname="Authentication.logOut" name="logoutwithInvalidAuth" time="0.132"/>
  <system-out/>
</testsuite> <!-- Authentication.logOut -->
