<?xml version="1.0" encoding="UTF-8"?>
<!-- Generated by org.testng.reporters.JUnitReportReporter -->
<testsuite hostname="DESKTOP-LARUOSJ" failures="0" tests="15" name="Authentication.session" time="3.193" errors="0" timestamp="2025-05-23T15:48:44 NPT" skipped="0">
  <testcase classname="Authentication.session" name="GetSessionwithoutDevice" time="0.114"/>
  <system-out/>
  <testcase classname="Authentication.session" name="GetSessionwithoutSystemID" time="0.187"/>
  <system-out/>
  <testcase classname="Authentication.session" name="GetSessionwithInvalidAuth" time="0.138"/>
  <system-out/>
  <testcase classname="Authentication.session" name="GetSessionwithInvalidSystemID" time="0.080"/>
  <system-out/>
  <testcase classname="Authentication.session" name="GetSessionwithoutLocation" time="0.179"/>
  <system-out/>
  <testcase classname="Authentication.session" name="GetSessionwithoutRequestTimestamp" time="0.106"/>
  <system-out/>
  <testcase classname="Authentication.session" name="GetSessionwithoutSignature" time="0.139"/>
  <system-out/>
  <testcase classname="Authentication.session" name="GetSessionwithoutAuth" time="0.894"/>
  <system-out/>
  <testcase classname="Authentication.session" name="GetSessionwithInvalidRequestTimestamp" time="0.096"/>
  <system-out/>
  <testcase classname="Authentication.session" name="GetSessionwithInvalidSignature" time="0.197"/>
  <system-out/>
  <testcase classname="Authentication.session" name="GetSessionwithoutUserAgent" time="0.170"/>
  <system-out/>
  <testcase classname="Authentication.session" name="GetSessionInformation" time="0.315"/>
  <system-out/>
  <testcase classname="Authentication.session" name="GetSessionwithInvalidDevice" time="0.190"/>
  <system-out/>
  <testcase classname="Authentication.session" name="GetSessionwithInvalidUser" time="0.161"/>
  <system-out/>
  <testcase classname="Authentication.session" name="GetSessionwithInvalidLocation" time="0.227"/>
  <system-out/>
</testsuite> <!-- Authentication.session -->
