<?xml version="1.0" encoding="UTF-8"?>
<!-- Generated by org.testng.reporters.JUnitReportReporter -->
<testsuite hostname="DESKTOP-LARUOSJ" failures="0" tests="13" name="Authentication.biometric" time="1.443" errors="0" timestamp="2025-05-21T16:55:33 NPT" skipped="0">
  <testcase classname="Authentication.biometric" name="setBiometricwithoutHash" time="0.094"/>
  <system-out/>
  <testcase classname="Authentication.biometric" name="biometricWithValid" time="0.187"/>
  <system-out/>
  <testcase classname="Authentication.biometric" name="setBiometricwithoutrequest" time="0.121"/>
  <system-out/>
  <testcase classname="Authentication.biometric" name="setBiometricwithInvalidLocation" time="0.118"/>
  <system-out/>
  <testcase classname="Authentication.biometric" name="setBiometericwithoutDevice" time="0.156"/>
  <system-out/>
  <testcase classname="Authentication.biometric" name="setBiometricwithoutSignature" time="0.068"/>
  <system-out/>
  <testcase classname="Authentication.biometric" name="setBiometricwithInvalidUserAgent" time="0.101"/>
  <system-out/>
  <testcase classname="Authentication.biometric" name="setBiometricwithoutAuth" time="0.085"/>
  <system-out/>
  <testcase classname="Authentication.biometric" name="setBiometricwithInvalidDevice" time="0.129"/>
  <system-out/>
  <testcase classname="Authentication.biometric" name="setBiometricwithoutUserAgent" time="0.145"/>
  <system-out/>
  <testcase classname="Authentication.biometric" name="setBiometricwithInvalidSignature" time="0.092"/>
  <system-out/>
  <testcase classname="Authentication.biometric" name="setBiometricwithInvalidAuth" time="0.078"/>
  <system-out/>
  <testcase classname="Authentication.biometric" name="setBiometricwithoutLocation" time="0.069"/>
  <system-out/>
</testsuite> <!-- Authentication.biometric -->
