<?xml version="1.0" encoding="UTF-8"?>
<!-- Generated by org.testng.reporters.JUnitReportReporter -->
<testsuite hostname="DESKTOP-LARUOSJ" failures="0" tests="9" name="Authentication.deleteBiometric" time="0.939" errors="0" timestamp="2025-08-19T16:10:26 NPT" skipped="0">
  <testcase classname="Authentication.deleteBiometric" name="deleteBiometricwithoutDevice" time="0.061"/>
  <system-out/>
  <testcase classname="Authentication.deleteBiometric" name="deleteBiometricwithoutLocation" time="0.058"/>
  <system-out/>
  <testcase classname="Authentication.deleteBiometric" name="deleteBiometricwithoutUserAgent" time="0.079"/>
  <system-out/>
  <testcase classname="Authentication.deleteBiometric" name="deleteBiometricwithInvalidLocation" time="0.078"/>
  <system-out/>
  <testcase classname="Authentication.deleteBiometric" name="deleteBiometricwithInvalidAuth" time="0.079"/>
  <system-out/>
  <testcase classname="Authentication.deleteBiometric" name="deleteBiometricwithoutAuth" time="0.069"/>
  <system-out/>
  <testcase classname="Authentication.deleteBiometric" name="deleteBiometricWithValidCredentials" time="0.322"/>
  <system-out/>
  <testcase classname="Authentication.deleteBiometric" name="deleteBiometricwithInvalidUserAgent" time="0.105"/>
  <system-out/>
  <testcase classname="Authentication.deleteBiometric" name="deleteBiometricwithInvalidDevice" time="0.088"/>
  <system-out/>
</testsuite> <!-- Authentication.deleteBiometric -->
