<?xml version="1.0" encoding="UTF-8"?>
<!-- Generated by org.testng.reporters.JUnitReportReporter -->
<testsuite hostname="DESKTOP-LARUOSJ" failures="0" tests="13" name="Authentication.biometric" time="2.427" errors="0" timestamp="2025-08-19T17:07:22 NPT" skipped="0">
  <testcase classname="Authentication.biometric" name="setBiometericwithoutDevice" time="0.141"/>
  <system-out/>
  <testcase classname="Authentication.biometric" name="biometricWithValid" time="0.750"/>
  <system-out/>
  <testcase classname="Authentication.biometric" name="setBiometricwithInvalidAuth" time="0.211"/>
  <system-out/>
  <testcase classname="Authentication.biometric" name="setBiometricwithInvalidDevice" time="0.119"/>
  <system-out/>
  <testcase classname="Authentication.biometric" name="setBiometricwithoutSignature" time="0.086"/>
  <system-out/>
  <testcase classname="Authentication.biometric" name="setBiometricwithoutUserAgent" time="0.085"/>
  <system-out/>
  <testcase classname="Authentication.biometric" name="setBiometricwithoutLocation" time="0.047"/>
  <system-out/>
  <testcase classname="Authentication.biometric" name="setBiometricwithoutHash" time="0.077"/>
  <system-out/>
  <testcase classname="Authentication.biometric" name="setBiometricwithInvalidLocation" time="0.174"/>
  <system-out/>
  <testcase classname="Authentication.biometric" name="setBiometricwithInvalidUserAgent" time="0.442"/>
  <system-out/>
  <testcase classname="Authentication.biometric" name="setBiometricwithoutAuth" time="0.140"/>
  <system-out/>
  <testcase classname="Authentication.biometric" name="setBiometricwithoutrequest" time="0.085"/>
  <system-out/>
  <testcase classname="Authentication.biometric" name="setBiometricwithInvalidSignature" time="0.070"/>
  <system-out/>
</testsuite> <!-- Authentication.biometric -->
