<?xml version="1.0" encoding="UTF-8"?>
<!-- Generated by org.testng.reporters.JUnitReportReporter -->
<testsuite hostname="DESKTOP-LARUOSJ" failures="0" tests="1" name="KeyGeneration.sign" time="0.039" errors="0" timestamp="2025-07-09T14:58:41 NPT" skipped="0">
  <testcase classname="KeyGeneration.sign" name="hash" time="0.039"/>
  <system-out/>
</testsuite> <!-- KeyGeneration.sign -->
