<?xml version="1.0" encoding="UTF-8"?>
<!-- Generated by org.testng.reporters.JUnitReportReporter -->
<testsuite hostname="DESKTOP-LARUOSJ" failures="0" tests="1" name="Device.LoginDevice" time="3.366" errors="0" timestamp="2025-06-02T15:21:41 NPT" skipped="0">
  <testcase classname="Device.LoginDevice" name="getToken" time="3.366"/>
  <system-out/>
</testsuite> <!-- Device.LoginDevice -->
