<?xml version="1.0" encoding="UTF-8"?>
<!-- Generated by org.testng.reporters.JUnitReportReporter -->
<testsuite hostname="DESKTOP-LARUOSJ" failures="0" tests="1" name="OTP.signupOtpVerify" time="2.708" errors="0" timestamp="2025-04-30T15:35:47 NPT" skipped="0">
  <testcase classname="OTP.signupOtpVerify" name="VerifyOtpwithValidCredentials" time="2.708"/>
  <system-out/>
</testsuite> <!-- OTP.signupOtpVerify -->
