<?xml version="1.0" encoding="UTF-8"?>
<!-- Generated by org.testng.reporters.JUnitReportReporter -->
<testsuite hostname="DESKTOP-LARUOSJ" failures="1" tests="13" name="Profile.document" time="6.634" errors="0" timestamp="2025-06-29T17:09:13 NPT" skipped="0">
  <testcase classname="Profile.document" name="uploaddocumentwithEmptyUserAgent" time="0.091"/>
  <system-out/>
  <testcase classname="Profile.document" name="uploaddocumentwithUncleardocument" time="0.001"/>
  <system-out/>
  <testcase classname="Profile.document" name="uploaddocumentwithvaliddocument" time="2.193"/>
  <system-out/>
  <testcase classname="Profile.document" name="uploaddocumentwithEmptyLocation" time="0.177"/>
  <system-out/>
  <testcase classname="Profile.document" name="uploaddocumentwithInvalidGeo" time="0.120"/>
  <system-out/>
  <testcase classname="Profile.document" name="uploaddocumentwithInvalidUserAgent" time="0.514"/>
  <system-out/>
  <testcase classname="Profile.document" name="uploaddocumentwithInvalidAuth" time="0.098"/>
  <system-out/>
  <testcase classname="Profile.document" name="uploaddocumentwithEmptyDevice" time="0.146"/>
  <system-out/>
  <testcase classname="Profile.document" name="uploaddocumentwithinvalidImage" time="0.146"/>
  <system-out/>
  <testcase classname="Profile.document" name="uploaddocumentwithInvalidDevice" time="0.109"/>
  <system-out/>
  <testcase classname="Profile.document" name="uploaddocumentwithexpireddocument" time="2.792">
    <failure message="expected [Document Expired.] but found [Expired document.]" type="java.lang.AssertionError">
      <![CDATA[java.lang.AssertionError: expected [Document Expired.] but found [Expired document.]
at org.testng.Assert.fail(Assert.java:99)
at org.testng.Assert.failNotEquals(Assert.java:1037)
at org.testng.Assert.assertEqualsImpl(Assert.java:140)
at org.testng.Assert.assertEquals(Assert.java:122)
at org.testng.Assert.assertEquals(Assert.java:629)
at org.testng.Assert.assertEquals(Assert.java:639)
at Profile.document.uploaddocumentwithexpireddocument(document.java:892)
at java.base/jdk.internal.reflect.DirectMethodHandleAccessor.invoke(DirectMethodHandleAccessor.java:103)
at java.base/java.lang.reflect.Method.invoke(Method.java:580)
at org.testng.internal.MethodInvocationHelper.invokeMethod(MethodInvocationHelper.java:133)
at org.testng.internal.TestInvoker.invokeMethod(TestInvoker.java:598)
at org.testng.internal.TestInvoker.invokeTestMethod(TestInvoker.java:173)
at org.testng.internal.MethodRunner.runInSequence(MethodRunner.java:46)
at org.testng.internal.TestInvoker$MethodInvocationAgent.invoke(TestInvoker.java:824)
at org.testng.internal.TestInvoker.invokeTestMethods(TestInvoker.java:146)
at org.testng.internal.TestMethodWorker.invokeTestMethods(TestMethodWorker.java:146)
at org.testng.internal.TestMethodWorker.run(TestMethodWorker.java:128)
at java.base/java.util.ArrayList.forEach(ArrayList.java:1597)
at org.testng.TestRunner.privateRun(TestRunner.java:794)
at org.testng.TestRunner.run(TestRunner.java:596)
at org.testng.SuiteRunner.runTest(SuiteRunner.java:377)
at org.testng.SuiteRunner.runSequentially(SuiteRunner.java:371)
at org.testng.SuiteRunner.privateRun(SuiteRunner.java:332)
at org.testng.SuiteRunner.run(SuiteRunner.java:276)
at org.testng.SuiteRunnerWorker.runSuite(SuiteRunnerWorker.java:53)
at org.testng.SuiteRunnerWorker.run(SuiteRunnerWorker.java:96)
at org.testng.TestNG.runSuitesSequentially(TestNG.java:1212)
at org.testng.TestNG.runSuitesLocally(TestNG.java:1134)
at org.testng.TestNG.runSuites(TestNG.java:1063)
at org.testng.TestNG.run(TestNG.java:1031)
at org.testng.remote.AbstractRemoteTestNG.run(AbstractRemoteTestNG.java:115)
at org.testng.remote.RemoteTestNG.initAndRun(RemoteTestNG.java:293)
at org.testng.remote.RemoteTestNG.main(RemoteTestNG.java:91)
]]>
    </failure>
  </testcase> <!-- uploaddocumentwithexpireddocument -->
  <system-out/>
  <testcase classname="Profile.document" name="uploaddocumentwithEmptyAuth" time="0.246"/>
  <system-out/>
  <testcase classname="Profile.document" name="uploaddocumentwithdifferentdocument" time="0.001"/>
  <system-out/>
</testsuite> <!-- Profile.document -->
