<?xml version="1.0" encoding="UTF-8"?>
<!-- Generated by org.testng.reporters.JUnitReportReporter -->
<testsuite hostname="DESKTOP-LARUOSJ" failures="0" tests="1" name="OTP.sign" time="0.271" errors="0" timestamp="2025-06-17T14:27:14 NPT" skipped="0">
  <testcase classname="OTP.sign" name="getSignature" time="0.271"/>
  <system-out/>
</testsuite> <!-- OTP.sign -->
