<?xml version="1.0" encoding="UTF-8"?>
<!-- Generated by org.testng.reporters.JUnitReportReporter -->
<testsuite hostname="DESKTOP-LARUOSJ" failures="0" tests="1" name="Device.LoginDevice" time="4.976" errors="0" timestamp="2025-08-15T16:37:00 NPT" skipped="0">
  <testcase classname="Device.LoginDevice" name="getToken" time="4.976"/>
  <system-out/>
</testsuite> <!-- Device.LoginDevice -->
