<?xml version="1.0" encoding="UTF-8"?>
<!-- Generated by org.testng.reporters.JUnitReportReporter -->
<testsuite hostname="DESKTOP-LARUOSJ" failures="0" tests="1" name="OTP.signUpOtpVerify1" time="0.456" errors="0" timestamp="2025-08-20T11:50:50 NPT" skipped="0">
  <testcase classname="OTP.signUpOtpVerify1" name="VerifyOtpwithValidCredentials" time="0.456"/>
  <system-out/>
</testsuite> <!-- OTP.signUpOtpVerify1 -->
