<?xml version="1.0" encoding="UTF-8"?>
<!-- Generated by org.testng.reporters.JUnitReportReporter -->
<testsuite hostname="DESKTOP-LARUOSJ" failures="0" tests="15" name="PIN.changePin" time="2.791" errors="0" timestamp="2025-08-21T14:30:08 NPT" skipped="0">
  <testcase classname="PIN.changePin" name="changePinwithValidCredentials" time="0.007"/>
  <system-out/>
  <testcase classname="PIN.changePin" name="changePinwhenOldPinPlain" time="0.203"/>
  <system-out/>
  <testcase classname="PIN.changePin" name="changePinwithInvalidAuth" time="0.199"/>
  <system-out/>
  <testcase classname="PIN.changePin" name="changePinwhenOldPinEmpty" time="0.102"/>
  <system-out/>
  <testcase classname="PIN.changePin" name="changePinwhenNewPinCriteria" time="0.163"/>
  <system-out/>
  <testcase classname="PIN.changePin" name="changePinwhenNewPinEmpty" time="0.147"/>
  <system-out/>
  <testcase classname="PIN.changePin" name="changePinwhenSignatureInvalid" time="0.230"/>
  <system-out/>
  <testcase classname="PIN.changePin" name="changePinwhenSignatureEmpty" time="0.181"/>
  <system-out/>
  <testcase classname="PIN.changePin" name="changePinwithInvalidDevice" time="0.082"/>
  <system-out/>
  <testcase classname="PIN.changePin" name="changePinwhenOldPinIncorrect" time="0.190"/>
  <system-out/>
  <testcase classname="PIN.changePin" name="changePinwhenOldpinSameNewPin" time="0.175"/>
  <system-out/>
  <testcase classname="PIN.changePin" name="changePinwhenDifferentkeysEncryption" time="0.297"/>
  <system-out/>
  <testcase classname="PIN.changePin" name="changePinwithInvalidUserAgent" time="0.245"/>
  <system-out/>
  <testcase classname="PIN.changePin" name="changePinwithoutLocation" time="0.197"/>
  <system-out/>
  <testcase classname="PIN.changePin" name="changePinwithoutAuthToken" time="0.373"/>
  <system-out/>
</testsuite> <!-- PIN.changePin -->
