<?xml version="1.0" encoding="UTF-8"?>
<!-- Generated by org.testng.reporters.JUnitReportReporter -->
<testsuite hostname="DESKTOP-LARUOSJ" failures="0" tests="9" name="Authentication.logOut" time="1.036" errors="0" timestamp="2025-05-21T16:32:21 NPT" skipped="0">
  <testcase classname="Authentication.logOut" name="logoutwithInvalidLocation" time="0.078"/>
  <system-out/>
  <testcase classname="Authentication.logOut" name="logoutwithoutAuth" time="0.073"/>
  <system-out/>
  <testcase classname="Authentication.logOut" name="logoutwithoutUserAgent" time="0.130"/>
  <system-out/>
  <testcase classname="Authentication.logOut" name="logoutwithInvalidDevice" time="0.245"/>
  <system-out/>
  <testcase classname="Authentication.logOut" name="logoutwithoutDevice" time="0.080"/>
  <system-out/>
  <testcase classname="Authentication.logOut" name="logoutwithoutLocation" time="0.061"/>
  <system-out/>
  <testcase classname="Authentication.logOut" name="logoutwithInvalidUserAgent" time="0.165"/>
  <system-out/>
  <testcase classname="Authentication.logOut" name="LogoutwithValidCredentials" time="0.113"/>
  <system-out/>
  <testcase classname="Authentication.logOut" name="logoutwithInvalidAuth" time="0.091"/>
  <system-out/>
</testsuite> <!-- Authentication.logOut -->
