<?xml version="1.0" encoding="UTF-8"?>
<!-- Generated by org.testng.reporters.JUnitReportReporter -->
<testsuite hostname="DESKTOP-LARUOSJ" failures="0" tests="1" name="Authentication.session" time="3.433" errors="0" timestamp="2025-05-13T16:39:02 NPT" skipped="0">
  <testcase classname="Authentication.session" name="GetSessionInformation" time="3.433"/>
  <system-out/>
</testsuite> <!-- Authentication.session -->
