<?xml version="1.0" encoding="UTF-8"?>
<!-- Generated by org.testng.reporters.JUnitReportReporter -->
<testsuite hostname="DESKTOP-LARUOSJ" failures="0" tests="1" name="Authentication.session" time="0.006" errors="0" timestamp="2025-07-28T11:27:58 NPT" skipped="0">
  <testcase classname="Authentication.session" name="GetSessionInformation" time="0.006"/>
  <system-out/>
</testsuite> <!-- Authentication.session -->
