<?xml version="1.0" encoding="UTF-8"?>
<!-- Generated by org.testng.reporters.JUnitReportReporter -->
<testsuite hostname="DESKTOP-LARUOSJ" failures="0" tests="1" name="Profile.document" time="10.116" errors="0" timestamp="2025-08-19T15:59:40 NPT" skipped="0">
  <testcase classname="Profile.document" name="uploaddocumentwithvaliddocument" time="10.116"/>
  <system-out/>
</testsuite> <!-- Profile.document -->
