<?xml version="1.0" encoding="UTF-8"?>
<!-- Generated by org.testng.reporters.JUnitReportReporter -->
<testsuite hostname="DESKTOP-LARUOSJ" failures="0" tests="3" name="Authentication.sessionSignatureGson" time="0.498" errors="0" timestamp="2025-09-07T14:10:56 NPT" skipped="0">
  <testcase classname="Authentication.sessionSignatureGson" name="getSignature" time="0.004"/>
  <system-out/>
  <testcase classname="Authentication.sessionSignatureGson" name="addCard" time="0.486"/>
  <system-out/>
  <testcase classname="Authentication.sessionSignatureGson" name="verifyCard" time="0.008"/>
  <system-out/>
</testsuite> <!-- Authentication.sessionSignatureGson -->
