<?xml version="1.0" encoding="UTF-8"?>
<!-- Generated by org.testng.reporters.JUnitReportReporter -->
<testsuite hostname="DESKTOP-LARUOSJ" failures="0" tests="1" name="Authentication.signaturesession" time="0.007" errors="0" timestamp="2025-08-11T12:19:23 NPT" skipped="0">
  <testcase classname="Authentication.signaturesession" name="getSignature" time="0.007"/>
  <system-out/>
</testsuite> <!-- Authentication.signaturesession -->
