<?xml version="1.0" encoding="UTF-8"?>
<!-- Generated by org.testng.reporters.JUnitReportReporter -->
<testsuite hostname="DESKTOP-LARUOSJ" failures="0" tests="1" name="OTP.resetOtp" time="1.097" errors="0" timestamp="2025-06-27T10:04:50 NPT" skipped="0">
  <testcase classname="OTP.resetOtp" name="signUpwithValidCredentials" time="1.097"/>
  <system-out/>
</testsuite> <!-- OTP.resetOtp -->
