<?xml version="1.0" encoding="UTF-8"?>
<!-- Generated by org.testng.reporters.JUnitReportReporter -->
<testsuite hostname="DESKTOP-LARUOSJ" failures="0" tests="1" name="Device.LoginDevice" time="6.149" errors="0" timestamp="2025-09-03T10:26:03 NPT" skipped="0">
  <testcase classname="Device.LoginDevice" name="getToken" time="6.149"/>
  <system-out/>
</testsuite> <!-- Device.LoginDevice -->
