<?xml version="1.0" encoding="UTF-8"?>
<!-- Generated by org.testng.reporters.JUnitReportReporter -->
<testsuite hostname="DESKTOP-LARUOSJ" failures="0" tests="1" name="Authentication.authenticateWithBio" time="1.911" errors="0" timestamp="2025-08-19T17:08:17 NPT" skipped="0">
  <testcase classname="Authentication.authenticateWithBio" name="AuthenticatewithValidCredentials" time="1.911"/>
  <system-out/>
</testsuite> <!-- Authentication.authenticateWithBio -->
