<?xml version="1.0" encoding="UTF-8"?>
<!-- Generated by org.testng.reporters.JUnitReportReporter -->
<testsuite hostname="DESKTOP-LARUOSJ" failures="0" tests="16" name="OTP.signupOtpVerify" time="5.115" errors="0" timestamp="2025-06-02T15:21:19 NPT" skipped="0">
  <testcase classname="OTP.signupOtpVerify" name="VerifyOtpwithValidCredentials" time="2.765"/>
  <system-out/>
  <testcase classname="OTP.signupOtpVerify" name="VerifySignUpwithInvalidOtp" time="0.134"/>
  <system-out/>
  <testcase classname="OTP.signupOtpVerify" name="VerifySignUpwithInvalidToken" time="0.145"/>
  <system-out/>
  <testcase classname="OTP.signupOtpVerify" name="VerifySignUpOtpwithoutOtp" time="0.149"/>
  <system-out/>
  <testcase classname="OTP.signupOtpVerify" name="VerifySignUpwithoutSignature" time="0.217"/>
  <system-out/>
  <testcase classname="OTP.signupOtpVerify" name="VerifySignUpOtpwithoutTimestamp" time="0.207"/>
  <system-out/>
  <testcase classname="OTP.signupOtpVerify" name="VerifySignUpwithouttoken" time="0.159"/>
  <system-out/>
  <testcase classname="OTP.signupOtpVerify" name="verifySignUpOtpwithoutDeviceId" time="0.201"/>
  <system-out/>
  <testcase classname="OTP.signupOtpVerify" name="VerifySignUpwithInvalidPin" time="0.120"/>
  <system-out/>
  <testcase classname="OTP.signupOtpVerify" name="VerifySignupOtpwithoutemail" time="0.087"/>
  <system-out/>
  <testcase classname="OTP.signupOtpVerify" name="VerifySignupwithInvalidTimestamp" time="0.159"/>
  <system-out/>
  <testcase classname="OTP.signupOtpVerify" name="verifySignUpwithoutUserAgent" time="0.131"/>
  <system-out/>
  <testcase classname="OTP.signupOtpVerify" name="VerifySignUpwithInvalidEmail" time="0.156"/>
  <system-out/>
  <testcase classname="OTP.signupOtpVerify" name="verifySignUpOtpwithoutLocation" time="0.182"/>
  <system-out/>
  <testcase classname="OTP.signupOtpVerify" name="VerifySignUpwithWrongSignature" time="0.123"/>
  <system-out/>
  <testcase classname="OTP.signupOtpVerify" name="VerifySignUpOtpwithoutpin" time="0.180"/>
  <system-out/>
</testsuite> <!-- OTP.signupOtpVerify -->
