<?xml version="1.0" encoding="UTF-8"?>
<!-- Generated by org.testng.reporters.JUnitReportReporter -->
<testsuite hostname="DESKTOP-LARUOSJ" failures="0" tests="1" name="Authentication.authenticate" time="1.821" errors="0" timestamp="2025-09-07T14:08:55 NPT" skipped="0">
  <testcase classname="Authentication.authenticate" name="AuthenticatewithValidCredentials" time="1.821"/>
  <system-out/>
</testsuite> <!-- Authentication.authenticate -->
